<?xml version="1.0" encoding="UTF-8"?>
<!-- Generated by org.testng.reporters.JUnitXMLReporter -->
<testsuite ignored="0" hostname="DESKTOP-AKUPQ7M" failures="1" tests="3" name="Test" time="0.108" errors="0" timestamp="2023-05-24T14:35:13 IST">
  <testcase classname="Listeners.Dependency" name="data1" time="0.017"/>
  <testcase classname="Listeners.Dependency" name="data2" time="0.007">
    <failure type="java.lang.AssertionError" message="null">
      <![CDATA[java.lang.AssertionError: null
at Listeners.Dependency.data2(Dependency.java:16)
at java.base/java.util.ArrayList.forEach(ArrayList.java:1511)
... Removed 29 stack frames]]>
    </failure>
  </testcase> <!-- data2 -->
  <testcase classname="Listeners.Dependency" name="data3" time="0.0">
    <skipped/>
  </testcase> <!-- data3 -->
</testsuite> <!-- Test -->
